0 info it worked if it ends with ok
1 verbose cli [ 'C:\\Program Files\\nodejs\\node.exe',
1 verbose cli   'C:\\Program Files\\nodejs\\node_modules\\npm\\bin\\npm-cli.js',
1 verbose cli   'run',
1 verbose cli   'test-server' ]
2 info using npm@3.10.8
3 info using node@v6.9.1
4 verbose run-script [ 'pretest-server', 'test-server', 'posttest-server' ]
5 info lifecycle graphql-test-app@1.0.0~pretest-server: graphql-test-app@1.0.0
6 silly lifecycle graphql-test-app@1.0.0~pretest-server: no script for pretest-server, continuing
7 info lifecycle graphql-test-app@1.0.0~test-server: graphql-test-app@1.0.0
8 verbose lifecycle graphql-test-app@1.0.0~test-server: unsafe-perm in lifecycle true
9 verbose lifecycle graphql-test-app@1.0.0~test-server: PATH: C:\Program Files\nodejs\node_modules\npm\bin\node-gyp-bin;C:\Users\omcrobbie\Documents\code\tests\iisnode_app\node_modules\.bin;C:\windows\system32;C:\windows;C:\windows\System32\Wbem;C:\windows\System32\WindowsPowerShell\v1.0\;C:\Program Files (x86)\Microsoft SQL Server\110\Tools\Binn\ManagementStudio\;C:\Program Files (x86)\Microsoft SQL Server\110\Tools\Binn\;C:\Program Files\Microsoft SQL Server\110\Tools\Binn\;C:\Program Files (x86)\Microsoft SQL Server\110\DTS\Binn\;C:\Windows\CCM;C:\Program Files\Geosupport Desktop Edition\bin;C:\Program Files\Geosupport Desktop Edition\GeoX\DotNet\bin;C:\Program Files\Geosupport Desktop Edition\GeoX\Java\bin;C:\Program Files (x86)\Microsoft SQL Server\Client SDK\ODBC\130\Tools\Binn\;C:\Program Files (x86)\Microsoft SQL Server\130\Tools\Binn\;C:\Program Files (x86)\Microsoft SQL Server\130\DTS\Binn\;C:\Program Files (x86)\Microsoft SQL Server\130\Tools\Binn\ManagementStudio\;C:\Program Files\nodejs\;C:\Program Files (x86)\Microsoft SQL Server\100\Tools\Binn\VSShell\Common7\IDE\;C:\Program Files (x86)\Microsoft SQL Server\100\Tools\Binn\;C:\Program Files\Microsoft SQL Server\100\Tools\Binn\;C:\Program Files (x86)\Microsoft SQL Server\100\DTS\Binn\;C:\Program Files (x86)\Windows Kits\10\Windows Performance Toolkit\;C:\Program Files\Microsoft SQL Server\130\Tools\Binn\;C:\Program Files\dotnet\;C:\Program Files\Git\cmd;C:\Users\omcrobbie\AppData\Local\Microsoft\WindowsApps;C:\Users\omcrobbie\AppData\Roaming\npm;C:\Users\omcrobbie\AppData\Local\Programs\Git\cmd
10 verbose lifecycle graphql-test-app@1.0.0~test-server: CWD: C:\Users\omcrobbie\Documents\code\tests\iisnode_app
11 silly lifecycle graphql-test-app@1.0.0~test-server: Args: [ '/d /s /c',
11 silly lifecycle   'cross-env DB=DEV mocha --recursive --compilers js:babel-core/register --require babel-polyfill' ]
12 silly lifecycle graphql-test-app@1.0.0~test-server: Returned: code: 2  signal: null
13 info lifecycle graphql-test-app@1.0.0~test-server: Failed to exec test-server script
14 verbose stack Error: graphql-test-app@1.0.0 test-server: `cross-env DB=DEV mocha --recursive --compilers js:babel-core/register --require babel-polyfill`
14 verbose stack Exit status 2
14 verbose stack     at EventEmitter.<anonymous> (C:\Program Files\nodejs\node_modules\npm\lib\utils\lifecycle.js:255:16)
14 verbose stack     at emitTwo (events.js:106:13)
14 verbose stack     at EventEmitter.emit (events.js:191:7)
14 verbose stack     at ChildProcess.<anonymous> (C:\Program Files\nodejs\node_modules\npm\lib\utils\spawn.js:40:14)
14 verbose stack     at emitTwo (events.js:106:13)
14 verbose stack     at ChildProcess.emit (events.js:191:7)
14 verbose stack     at maybeClose (internal/child_process.js:877:16)
14 verbose stack     at Process.ChildProcess._handle.onexit (internal/child_process.js:226:5)
15 verbose pkgid graphql-test-app@1.0.0
16 verbose cwd C:\Users\omcrobbie\Documents\code\tests\iisnode_app
17 error Windows_NT 10.0.14393
18 error argv "C:\\Program Files\\nodejs\\node.exe" "C:\\Program Files\\nodejs\\node_modules\\npm\\bin\\npm-cli.js" "run" "test-server"
19 error node v6.9.1
20 error npm  v3.10.8
21 error code ELIFECYCLE
22 error graphql-test-app@1.0.0 test-server: `cross-env DB=DEV mocha --recursive --compilers js:babel-core/register --require babel-polyfill`
22 error Exit status 2
23 error Failed at the graphql-test-app@1.0.0 test-server script 'cross-env DB=DEV mocha --recursive --compilers js:babel-core/register --require babel-polyfill'.
23 error Make sure you have the latest version of node.js and npm installed.
23 error If you do, this is most likely a problem with the graphql-test-app package,
23 error not with npm itself.
23 error Tell the author that this fails on your system:
23 error     cross-env DB=DEV mocha --recursive --compilers js:babel-core/register --require babel-polyfill
23 error You can get information on how to open an issue for this project with:
23 error     npm bugs graphql-test-app
23 error Or if that isn't available, you can get their info via:
23 error     npm owner ls graphql-test-app
23 error There is likely additional logging output above.
24 verbose exit [ 1, true ]
